Starting CNN training...
Training model for channel 7
Input data loaded
Normalizing the input and output tensors
Output mean: -17.078601837158203
Output std: 40.69298553466797
Number of samples in the dataset: 500
Epoch [50/1000] Train Loss: 0.0914, Train R2: 0.4664 | Val Loss: 0.0977, Val R2: 0.4541
Epoch [100/1000] Train Loss: 0.0826, Train R2: 0.5178 | Val Loss: 0.0907, Val R2: 0.4936
Epoch [150/1000] Train Loss: 0.0824, Train R2: 0.5187 | Val Loss: 0.0889, Val R2: 0.5032
Epoch [200/1000] Train Loss: 0.0819, Train R2: 0.5215 | Val Loss: 0.0895, Val R2: 0.5002
Epoch [250/1000] Train Loss: 0.0810, Train R2: 0.5270 | Val Loss: 0.0887, Val R2: 0.5045
Epoch [300/1000] Train Loss: 0.0816, Train R2: 0.5236 | Val Loss: 0.0894, Val R2: 0.5006
Epoch [350/1000] Train Loss: 0.0811, Train R2: 0.5264 | Val Loss: 0.0891, Val R2: 0.5024
Epoch [400/1000] Train Loss: 0.0834, Train R2: 0.5130 | Val Loss: 0.0911, Val R2: 0.4910
Epoch [450/1000] Train Loss: 0.0811, Train R2: 0.5265 | Val Loss: 0.0888, Val R2: 0.5038
Epoch [500/1000] Train Loss: 0.0814, Train R2: 0.5246 | Val Loss: 0.0883, Val R2: 0.5069
Early stopping at epoch 500 due to no improvement in moving average validation loss.
Test Loss: 0.0897, Test R2: 0.4917
Switching to data directory...
Starting evolution animation...
Input data loaded
Subgrid flux animation saved
Subgrid flux 1D mean/std plot saved
Job complete.
