
Root grid = 4 x 1 x 1 MeshBlocks
Total number of MeshBlocks = 4
Number of logical  levels of refinement = 2 (3 levels total)
Number of physical levels of refinement = 0 (1 levels total)
Number of parallel ranks = 1

Setup complete, executing task list(s)...

elapsed=3.387610e-03 cycle=0 time=0.000000e+00 dt=8.433365e-04
elapsed=8.590117e-03 cycle=5 time=4.213578e-03 dt=8.405763e-04
elapsed=1.364137e-02 cycle=10 time=8.406119e-03 dt=8.362678e-04
elapsed=1.776220e-02 cycle=15 time=1.258560e-02 dt=8.361419e-04
elapsed=2.176952e-02 cycle=20 time=1.677067e-02 dt=8.382381e-04
elapsed=2.612536e-02 cycle=25 time=2.096443e-02 dt=8.390639e-04
elapsed=2.962567e-02 cycle=30 time=2.515969e-02 dt=8.391037e-04
elapsed=3.306303e-02 cycle=35 time=2.935608e-02 dt=8.394855e-04
elapsed=3.634047e-02 cycle=40 time=3.355305e-02 dt=8.394160e-04
elapsed=3.953670e-02 cycle=45 time=3.775128e-02 dt=8.401008e-04
elapsed=4.325842e-02 cycle=50 time=4.195305e-02 dt=8.405158e-04
elapsed=4.647225e-02 cycle=55 time=4.615570e-02 dt=8.405420e-04
elapsed=4.968589e-02 cycle=60 time=5.035821e-02 dt=8.403301e-04
elapsed=5.289633e-02 cycle=65 time=5.455951e-02 dt=8.402505e-04
elapsed=5.610870e-02 cycle=70 time=5.876113e-02 dt=8.404129e-04
elapsed=5.993666e-02 cycle=75 time=6.296373e-02 dt=8.407280e-04
elapsed=6.313342e-02 cycle=80 time=6.716781e-02 dt=8.408787e-04
elapsed=6.990040e-02 cycle=85 time=7.137229e-02 dt=8.409119e-04
elapsed=7.312455e-02 cycle=90 time=7.557690e-02 dt=8.409450e-04
elapsed=7.636263e-02 cycle=95 time=7.978166e-02 dt=8.408961e-04
elapsed=8.019130e-02 cycle=100 time=8.398608e-02 dt=8.409271e-04
elapsed=8.345212e-02 cycle=105 time=8.819081e-02 dt=8.409118e-04
elapsed=8.669306e-02 cycle=110 time=9.239515e-02 dt=8.407918e-04
elapsed=8.990503e-02 cycle=115 time=9.659884e-02 dt=8.406752e-04
elapsed=9.361771e-02 cycle=120 time=1.008022e-01 dt=8.406801e-04
elapsed=9.683159e-02 cycle=125 time=1.050058e-01 dt=8.408153e-04
elapsed=1.000323e-01 cycle=130 time=1.092102e-01 dt=8.409658e-04
elapsed=1.032367e-01 cycle=135 time=1.134152e-01 dt=8.409939e-04
elapsed=1.066607e-01 cycle=140 time=1.176200e-01 dt=8.408970e-04
elapsed=1.105287e-01 cycle=145 time=1.218242e-01 dt=8.407866e-04
elapsed=1.137464e-01 cycle=150 time=1.260281e-01 dt=8.407643e-04
elapsed=1.169498e-01 cycle=155 time=1.302320e-01 dt=8.408384e-04
elapsed=1.201367e-01 cycle=160 time=1.344364e-01 dt=8.409501e-04
elapsed=1.233169e-01 cycle=165 time=1.386414e-01 dt=8.410480e-04
elapsed=1.270119e-01 cycle=170 time=1.428467e-01 dt=8.411096e-04
elapsed=1.302065e-01 cycle=175 time=1.470524e-01 dt=8.411359e-04
elapsed=1.334320e-01 cycle=180 time=1.512580e-01 dt=8.411247e-04
elapsed=1.366203e-01 cycle=185 time=1.554636e-01 dt=8.410742e-04
elapsed=1.398346e-01 cycle=190 time=1.596688e-01 dt=8.410076e-04
elapsed=1.435122e-01 cycle=195 time=1.638737e-01 dt=8.409546e-04
elapsed=1.467295e-01 cycle=200 time=1.680785e-01 dt=8.409443e-04
elapsed=1.499084e-01 cycle=205 time=1.722833e-01 dt=8.409965e-04
elapsed=1.531029e-01 cycle=210 time=1.764884e-01 dt=8.410792e-04
elapsed=1.567863e-01 cycle=215 time=1.806940e-01 dt=8.411558e-04
elapsed=1.599905e-01 cycle=220 time=1.848998e-01 dt=8.411949e-04
elapsed=1.631893e-01 cycle=225 time=1.891059e-01 dt=8.412201e-04
elapsed=1.663681e-01 cycle=230 time=1.933120e-01 dt=8.412664e-04
elapsed=1.695662e-01 cycle=235 time=1.975185e-01 dt=8.413562e-04
elapsed=1.732687e-01 cycle=240 time=2.017255e-01 dt=8.414803e-04
elapsed=1.764524e-01 cycle=245 time=2.059332e-01 dt=8.416177e-04
elapsed=1.796731e-01 cycle=250 time=2.101416e-01 dt=8.417387e-04
elapsed=1.828801e-01 cycle=255 time=2.143504e-01 dt=8.418191e-04
elapsed=1.860759e-01 cycle=260 time=2.185596e-01 dt=8.418500e-04
elapsed=1.898028e-01 cycle=265 time=2.227688e-01 dt=8.418303e-04
elapsed=1.930167e-01 cycle=270 time=2.269779e-01 dt=8.417797e-04
elapsed=1.961924e-01 cycle=275 time=2.311867e-01 dt=8.417286e-04
elapsed=1.993713e-01 cycle=280 time=2.353953e-01 dt=8.416965e-04
elapsed=2.025600e-01 cycle=285 time=2.396037e-01 dt=8.416851e-04
elapsed=2.063174e-01 cycle=290 time=2.438121e-01 dt=8.416846e-04
elapsed=2.095245e-01 cycle=295 time=2.480206e-01 dt=8.416788e-04
elapsed=2.127442e-01 cycle=300 time=2.522289e-01 dt=8.416635e-04
elapsed=2.159258e-01 cycle=305 time=2.564372e-01 dt=8.416488e-04
elapsed=2.196350e-01 cycle=310 time=2.606455e-01 dt=8.416598e-04
elapsed=2.228351e-01 cycle=315 time=2.648538e-01 dt=8.417044e-04
elapsed=2.260460e-01 cycle=320 time=2.690625e-01 dt=8.417710e-04
elapsed=2.292291e-01 cycle=325 time=2.732715e-01 dt=8.418429e-04
elapsed=2.323956e-01 cycle=330 time=2.774808e-01 dt=8.419003e-04
elapsed=2.361062e-01 cycle=335 time=2.816904e-01 dt=8.419196e-04
elapsed=2.393464e-01 cycle=340 time=2.859000e-01 dt=8.418999e-04
elapsed=2.425596e-01 cycle=345 time=2.901094e-01 dt=8.418505e-04
elapsed=2.457674e-01 cycle=350 time=2.943185e-01 dt=8.417885e-04
elapsed=2.489789e-01 cycle=355 time=2.985273e-01 dt=8.417361e-04
elapsed=2.527272e-01 cycle=360 time=3.027359e-01 dt=8.417121e-04
elapsed=2.559160e-01 cycle=365 time=3.069445e-01 dt=8.416999e-04
elapsed=2.591023e-01 cycle=370 time=3.111529e-01 dt=8.416802e-04
elapsed=2.623155e-01 cycle=375 time=3.153613e-01 dt=8.416520e-04
elapsed=2.654946e-01 cycle=380 time=3.195695e-01 dt=8.416221e-04
elapsed=2.692082e-01 cycle=385 time=3.237776e-01 dt=8.416034e-04
elapsed=2.723936e-01 cycle=390 time=3.279856e-01 dt=8.416060e-04
elapsed=2.755969e-01 cycle=395 time=3.321936e-01 dt=8.416288e-04
elapsed=2.791684e-01 cycle=400 time=3.364019e-01 dt=8.416680e-04
elapsed=2.828648e-01 cycle=405 time=3.406103e-01 dt=8.417186e-04
elapsed=2.860675e-01 cycle=410 time=3.448189e-01 dt=8.417082e-04
elapsed=2.892523e-01 cycle=415 time=3.490274e-01 dt=8.416866e-04
elapsed=2.924451e-01 cycle=420 time=3.532358e-01 dt=8.416829e-04
elapsed=2.956335e-01 cycle=425 time=3.574442e-01 dt=8.416885e-04
elapsed=2.993697e-01 cycle=430 time=3.616527e-01 dt=8.416763e-04
elapsed=3.025683e-01 cycle=435 time=3.658609e-01 dt=8.416055e-04
elapsed=3.057622e-01 cycle=440 time=3.700689e-01 dt=8.415659e-04
elapsed=3.089584e-01 cycle=445 time=3.742767e-01 dt=8.415632e-04
elapsed=3.121524e-01 cycle=450 time=3.784845e-01 dt=8.415823e-04
elapsed=3.158912e-01 cycle=455 time=3.826925e-01 dt=8.416056e-04
elapsed=3.190954e-01 cycle=460 time=3.869006e-01 dt=8.416271e-04
elapsed=3.223045e-01 cycle=465 time=3.911086e-01 dt=8.415550e-04
elapsed=3.255303e-01 cycle=470 time=3.953162e-01 dt=8.414988e-04
elapsed=3.287165e-01 cycle=475 time=3.995236e-01 dt=8.414605e-04
elapsed=3.324717e-01 cycle=480 time=4.037309e-01 dt=8.414354e-04
elapsed=3.356952e-01 cycle=485 time=4.079380e-01 dt=8.414161e-04
elapsed=3.388629e-01 cycle=490 time=4.121451e-01 dt=8.414016e-04
elapsed=3.422710e-01 cycle=495 time=4.163520e-01 dt=8.413943e-04
elapsed=3.459674e-01 cycle=500 time=4.205590e-01 dt=8.413921e-04
elapsed=3.491707e-01 cycle=505 time=4.247660e-01 dt=8.413874e-04
elapsed=3.523642e-01 cycle=510 time=4.289729e-01 dt=8.413700e-04
elapsed=3.555908e-01 cycle=515 time=4.331797e-01 dt=8.413355e-04
elapsed=3.589294e-01 cycle=520 time=4.373863e-01 dt=8.412946e-04
elapsed=3.629574e-01 cycle=525 time=4.415927e-01 dt=8.412577e-04
elapsed=3.661269e-01 cycle=530 time=4.457989e-01 dt=8.412357e-04
elapsed=3.692895e-01 cycle=535 time=4.500051e-01 dt=8.412296e-04
elapsed=3.724447e-01 cycle=540 time=4.542112e-01 dt=8.412277e-04
elapsed=3.755893e-01 cycle=545 time=4.584173e-01 dt=8.412184e-04
elapsed=3.793502e-01 cycle=550 time=4.626234e-01 dt=8.411951e-04
elapsed=3.825351e-01 cycle=555 time=4.668293e-01 dt=8.411675e-04
elapsed=3.857953e-01 cycle=560 time=4.710351e-01 dt=8.411442e-04
elapsed=3.890367e-01 cycle=565 time=4.752408e-01 dt=8.411287e-04
elapsed=3.922292e-01 cycle=570 time=4.794464e-01 dt=8.411125e-04
elapsed=3.959362e-01 cycle=575 time=4.836519e-01 dt=8.410874e-04
elapsed=3.990782e-01 cycle=580 time=4.878573e-01 dt=8.410515e-04
elapsed=4.023906e-01 cycle=585 time=4.920624e-01 dt=8.410114e-04
elapsed=4.056317e-01 cycle=590 time=4.962674e-01 dt=8.409799e-04
elapsed=4.093114e-01 cycle=595 time=5.004723e-01 dt=8.409696e-04
elapsed=4.124727e-01 cycle=600 time=5.046772e-01 dt=8.409849e-04
elapsed=4.156043e-01 cycle=605 time=5.088822e-01 dt=8.410150e-04
elapsed=4.187516e-01 cycle=610 time=5.130873e-01 dt=8.410436e-04
elapsed=4.218935e-01 cycle=615 time=5.172925e-01 dt=8.410597e-04
elapsed=4.255749e-01 cycle=620 time=5.214978e-01 dt=8.410575e-04
elapsed=4.287189e-01 cycle=625 time=5.257031e-01 dt=8.410421e-04
elapsed=4.318934e-01 cycle=630 time=5.299083e-01 dt=8.410206e-04
elapsed=4.350342e-01 cycle=635 time=5.341133e-01 dt=8.410014e-04
elapsed=4.381780e-01 cycle=640 time=5.383183e-01 dt=8.409781e-04
elapsed=4.418686e-01 cycle=645 time=5.425231e-01 dt=8.409398e-04
elapsed=4.450481e-01 cycle=650 time=5.467277e-01 dt=8.408823e-04
elapsed=4.482349e-01 cycle=655 time=5.509320e-01 dt=8.408134e-04
elapsed=4.513909e-01 cycle=660 time=5.551359e-01 dt=8.407428e-04
elapsed=4.545530e-01 cycle=665 time=5.593395e-01 dt=8.406773e-04
elapsed=4.584527e-01 cycle=670 time=5.635428e-01 dt=8.406202e-04
elapsed=4.618202e-01 cycle=675 time=5.677458e-01 dt=8.405918e-04
elapsed=4.651743e-01 cycle=680 time=5.719487e-01 dt=8.405834e-04
elapsed=4.687634e-01 cycle=685 time=5.761517e-01 dt=8.405900e-04
elapsed=4.726450e-01 cycle=690 time=5.803546e-01 dt=8.406073e-04
elapsed=4.760251e-01 cycle=695 time=5.845577e-01 dt=8.406319e-04
elapsed=4.793432e-01 cycle=700 time=5.887609e-01 dt=8.406540e-04
elapsed=4.825390e-01 cycle=705 time=5.929642e-01 dt=8.406701e-04
elapsed=4.857287e-01 cycle=710 time=5.971676e-01 dt=8.406764e-04
elapsed=4.894702e-01 cycle=715 time=6.013710e-01 dt=8.406672e-04
elapsed=4.926651e-01 cycle=720 time=6.055743e-01 dt=8.406339e-04
elapsed=4.958370e-01 cycle=725 time=6.097773e-01 dt=8.405822e-04
elapsed=4.990321e-01 cycle=730 time=6.139801e-01 dt=8.405227e-04
elapsed=5.021953e-01 cycle=735 time=6.181826e-01 dt=8.404671e-04
elapsed=5.058909e-01 cycle=740 time=6.223849e-01 dt=8.404256e-04
elapsed=5.091023e-01 cycle=745 time=6.265869e-01 dt=8.404034e-04
elapsed=5.122822e-01 cycle=750 time=6.307889e-01 dt=8.403970e-04
elapsed=5.154413e-01 cycle=755 time=6.349909e-01 dt=8.403959e-04
elapsed=5.185955e-01 cycle=760 time=6.391929e-01 dt=8.403913e-04
elapsed=5.222765e-01 cycle=765 time=6.433948e-01 dt=8.403818e-04
elapsed=5.254252e-01 cycle=770 time=6.475967e-01 dt=8.403716e-04
elapsed=5.286012e-01 cycle=775 time=6.517986e-01 dt=8.403622e-04
elapsed=5.317641e-01 cycle=780 time=6.560004e-01 dt=8.403541e-04
elapsed=5.354544e-01 cycle=785 time=6.602021e-01 dt=8.403435e-04
elapsed=5.386759e-01 cycle=790 time=6.644038e-01 dt=8.403242e-04
elapsed=5.418298e-01 cycle=795 time=6.686054e-01 dt=8.402919e-04
elapsed=5.449692e-01 cycle=800 time=6.728067e-01 dt=8.402461e-04
elapsed=5.481181e-01 cycle=805 time=6.770078e-01 dt=8.401925e-04
elapsed=5.517932e-01 cycle=810 time=6.812087e-01 dt=8.401400e-04
elapsed=5.549632e-01 cycle=815 time=6.854093e-01 dt=8.400968e-04
elapsed=5.581322e-01 cycle=820 time=6.896097e-01 dt=8.400682e-04
elapsed=5.612880e-01 cycle=825 time=6.938100e-01 dt=8.400565e-04
elapsed=5.644441e-01 cycle=830 time=6.980103e-01 dt=8.400585e-04
elapsed=5.681421e-01 cycle=835 time=7.022106e-01 dt=8.400680e-04
elapsed=5.712905e-01 cycle=840 time=7.064110e-01 dt=8.400798e-04
elapsed=5.744493e-01 cycle=845 time=7.106114e-01 dt=8.400898e-04
elapsed=5.776054e-01 cycle=850 time=7.148119e-01 dt=8.400952e-04
elapsed=5.807624e-01 cycle=855 time=7.190124e-01 dt=8.400943e-04
elapsed=5.844953e-01 cycle=860 time=7.232128e-01 dt=8.400838e-04
elapsed=5.876381e-01 cycle=865 time=7.274132e-01 dt=8.400572e-04
elapsed=5.908968e-01 cycle=870 time=7.316134e-01 dt=8.400116e-04
elapsed=5.941578e-01 cycle=875 time=7.358133e-01 dt=8.399525e-04
elapsed=5.978403e-01 cycle=880 time=7.400130e-01 dt=8.398904e-04
elapsed=6.010346e-01 cycle=885 time=7.442123e-01 dt=8.398367e-04
elapsed=6.041849e-01 cycle=890 time=7.484114e-01 dt=8.397949e-04
elapsed=6.073657e-01 cycle=895 time=7.526103e-01 dt=8.397662e-04
elapsed=6.105542e-01 cycle=900 time=7.568091e-01 dt=8.397472e-04
elapsed=6.142896e-01 cycle=905 time=7.610078e-01 dt=8.397328e-04
elapsed=6.174302e-01 cycle=910 time=7.652065e-01 dt=8.397216e-04
elapsed=6.205951e-01 cycle=915 time=7.694050e-01 dt=8.397141e-04
elapsed=6.237646e-01 cycle=920 time=7.736036e-01 dt=8.397101e-04
elapsed=6.269448e-01 cycle=925 time=7.778022e-01 dt=8.397081e-04
elapsed=6.306443e-01 cycle=930 time=7.820007e-01 dt=8.397051e-04
elapsed=6.367851e-01 cycle=935 time=7.861992e-01 dt=8.396987e-04
elapsed=6.400051e-01 cycle=940 time=7.903977e-01 dt=8.396878e-04
elapsed=6.431779e-01 cycle=945 time=7.945961e-01 dt=8.396721e-04
elapsed=6.463698e-01 cycle=950 time=7.987944e-01 dt=8.396541e-04
elapsed=6.501908e-01 cycle=955 time=8.029926e-01 dt=8.396368e-04
elapsed=6.533785e-01 cycle=960 time=8.071908e-01 dt=8.396228e-04
elapsed=6.565234e-01 cycle=965 time=8.113889e-01 dt=8.396141e-04
elapsed=6.597092e-01 cycle=970 time=8.155870e-01 dt=8.396014e-04
elapsed=6.628634e-01 cycle=975 time=8.197849e-01 dt=8.395551e-04
elapsed=6.665983e-01 cycle=980 time=8.239826e-01 dt=8.395099e-04
elapsed=6.697448e-01 cycle=985 time=8.281800e-01 dt=8.394643e-04
elapsed=6.728953e-01 cycle=990 time=8.323772e-01 dt=8.394179e-04
elapsed=6.760632e-01 cycle=995 time=8.365742e-01 dt=8.393707e-04
elapsed=6.797769e-01 cycle=1000 time=8.407710e-01 dt=8.393248e-04
elapsed=6.829865e-01 cycle=1005 time=8.449675e-01 dt=8.392822e-04
elapsed=6.861398e-01 cycle=1010 time=8.491639e-01 dt=8.392428e-04
elapsed=6.892797e-01 cycle=1015 time=8.533600e-01 dt=8.392024e-04
elapsed=6.924267e-01 cycle=1020 time=8.575559e-01 dt=8.391570e-04
elapsed=6.961471e-01 cycle=1025 time=8.617516e-01 dt=8.391032e-04
elapsed=6.993103e-01 cycle=1030 time=8.659470e-01 dt=8.390398e-04
elapsed=7.024508e-01 cycle=1035 time=8.701421e-01 dt=8.389700e-04
elapsed=7.056146e-01 cycle=1040 time=8.743368e-01 dt=8.388977e-04
elapsed=7.087750e-01 cycle=1045 time=8.785311e-01 dt=8.388259e-04
elapsed=7.124855e-01 cycle=1050 time=8.827251e-01 dt=8.387555e-04
elapsed=7.156285e-01 cycle=1055 time=8.869187e-01 dt=8.386859e-04
elapsed=7.187789e-01 cycle=1060 time=8.911120e-01 dt=8.386170e-04
elapsed=7.219179e-01 cycle=1065 time=8.953050e-01 dt=8.385504e-04
elapsed=7.250796e-01 cycle=1070 time=8.994976e-01 dt=8.384903e-04
elapsed=7.287761e-01 cycle=1075 time=9.036900e-01 dt=8.384408e-04
elapsed=7.319549e-01 cycle=1080 time=9.078821e-01 dt=8.384021e-04
elapsed=7.351309e-01 cycle=1085 time=9.120740e-01 dt=8.383688e-04
elapsed=7.383060e-01 cycle=1090 time=9.162658e-01 dt=8.383339e-04
elapsed=7.419806e-01 cycle=1095 time=9.204574e-01 dt=8.382917e-04
elapsed=7.451461e-01 cycle=1100 time=9.246487e-01 dt=8.382378e-04
elapsed=7.482971e-01 cycle=1105 time=9.288398e-01 dt=8.381704e-04
elapsed=7.514546e-01 cycle=1110 time=9.330305e-01 dt=8.380912e-04
elapsed=7.546060e-01 cycle=1115 time=9.372208e-01 dt=8.380032e-04
elapsed=7.582990e-01 cycle=1120 time=9.414106e-01 dt=8.379092e-04
elapsed=7.614554e-01 cycle=1125 time=9.456000e-01 dt=8.378126e-04
elapsed=7.646276e-01 cycle=1130 time=9.497888e-01 dt=8.377178e-04
elapsed=7.677901e-01 cycle=1135 time=9.539772e-01 dt=8.376284e-04
elapsed=7.709624e-01 cycle=1140 time=9.581652e-01 dt=8.375453e-04
elapsed=7.746995e-01 cycle=1145 time=9.623528e-01 dt=8.374708e-04
elapsed=7.778514e-01 cycle=1150 time=9.665400e-01 dt=8.374052e-04
elapsed=7.810227e-01 cycle=1155 time=9.707269e-01 dt=8.373447e-04
elapsed=7.841718e-01 cycle=1160 time=9.749135e-01 dt=8.372840e-04
elapsed=7.873162e-01 cycle=1165 time=9.790998e-01 dt=8.372196e-04
elapsed=7.911869e-01 cycle=1170 time=9.832858e-01 dt=8.371490e-04
elapsed=7.943418e-01 cycle=1175 time=9.874714e-01 dt=8.370694e-04
elapsed=7.974827e-01 cycle=1180 time=9.916565e-01 dt=8.369832e-04
elapsed=8.006284e-01 cycle=1185 time=9.958413e-01 dt=8.368908e-04
elapsed=8.042924e-01 cycle=1190 time=1.000026e+00 dt=8.367937e-04
elapsed=1.667045e+00 cycle=1195 time=1.004212e+00 dt=8.381094e-04
elapsed=2.563050e+00 cycle=1200 time=1.008405e+00 dt=8.394357e-04
elapsed=3.413831e+00 cycle=1205 time=1.012605e+00 dt=8.406774e-04
elapsed=4.253626e+00 cycle=1210 time=1.016810e+00 dt=8.416949e-04
elapsed=5.082502e+00 cycle=1215 time=1.021021e+00 dt=8.425383e-04
elapsed=5.901754e+00 cycle=1220 time=1.025235e+00 dt=8.430289e-04
elapsed=6.744277e+00 cycle=1225 time=1.029450e+00 dt=8.433958e-04
elapsed=7.583838e+00 cycle=1230 time=1.033668e+00 dt=8.438225e-04
elapsed=8.409690e+00 cycle=1235 time=1.037888e+00 dt=8.443436e-04
elapsed=9.235955e+00 cycle=1240 time=1.042111e+00 dt=8.449131e-04
elapsed=1.005664e+01 cycle=1245 time=1.046337e+00 dt=8.454280e-04
elapsed=1.088163e+01 cycle=1250 time=1.050565e+00 dt=8.459490e-04
elapsed=1.177622e+01 cycle=1255 time=1.054796e+00 dt=8.464507e-04
elapsed=1.261176e+01 cycle=1260 time=1.059029e+00 dt=8.469468e-04
elapsed=1.344188e+01 cycle=1265 time=1.063265e+00 dt=8.474322e-04
elapsed=1.425954e+01 cycle=1270 time=1.067503e+00 dt=8.479147e-04
elapsed=1.507743e+01 cycle=1275 time=1.071743e+00 dt=8.484137e-04
elapsed=1.593514e+01 cycle=1280 time=1.075986e+00 dt=8.489434e-04
elapsed=1.678329e+01 cycle=1285 time=1.080232e+00 dt=8.494975e-04
elapsed=1.762237e+01 cycle=1290 time=1.084481e+00 dt=8.500571e-04
elapsed=1.844196e+01 cycle=1295 time=1.088732e+00 dt=8.506077e-04
elapsed=1.925421e+01 cycle=1300 time=1.092986e+00 dt=8.511490e-04
elapsed=2.006056e+01 cycle=1305 time=1.097243e+00 dt=8.516932e-04
elapsed=2.087422e+01 cycle=1310 time=1.101503e+00 dt=8.522569e-04
elapsed=2.168399e+01 cycle=1315 time=1.105765e+00 dt=8.528454e-04
elapsed=2.250752e+01 cycle=1320 time=1.110031e+00 dt=8.534533e-04
elapsed=2.331200e+01 cycle=1325 time=1.114299e+00 dt=8.540762e-04
elapsed=2.411813e+01 cycle=1330 time=1.118571e+00 dt=8.547048e-04
elapsed=2.493316e+01 cycle=1335 time=1.122846e+00 dt=8.553284e-04
elapsed=2.573364e+01 cycle=1340 time=1.127124e+00 dt=8.559412e-04
elapsed=2.652981e+01 cycle=1345 time=1.131404e+00 dt=8.565451e-04
elapsed=2.735901e+01 cycle=1350 time=1.135688e+00 dt=8.571522e-04
elapsed=2.818146e+01 cycle=1355 time=1.139975e+00 dt=8.577787e-04
elapsed=2.897895e+01 cycle=1360 time=1.144265e+00 dt=8.582604e-04
elapsed=2.978528e+01 cycle=1365 time=1.148558e+00 dt=8.587576e-04
elapsed=3.059270e+01 cycle=1370 time=1.152852e+00 dt=8.592686e-04
elapsed=3.140290e+01 cycle=1375 time=1.157150e+00 dt=8.597949e-04
elapsed=3.222139e+01 cycle=1380 time=1.161450e+00 dt=8.603456e-04
elapsed=3.303112e+01 cycle=1385 time=1.165753e+00 dt=8.608996e-04
elapsed=3.382779e+01 cycle=1390 time=1.170058e+00 dt=8.614338e-04
elapsed=3.463793e+01 cycle=1395 time=1.174366e+00 dt=8.620007e-04
elapsed=3.545200e+01 cycle=1400 time=1.178678e+00 dt=8.626053e-04
elapsed=3.626422e+01 cycle=1405 time=1.182992e+00 dt=8.632536e-04
elapsed=3.707257e+01 cycle=1410 time=1.187310e+00 dt=8.639476e-04
elapsed=3.788857e+01 cycle=1415 time=1.191631e+00 dt=8.645791e-04
elapsed=3.869119e+01 cycle=1420 time=1.195955e+00 dt=8.652558e-04
elapsed=3.949398e+01 cycle=1425 time=1.200283e+00 dt=8.659750e-04
elapsed=4.029854e+01 cycle=1430 time=1.204614e+00 dt=8.667296e-04
elapsed=4.110624e+01 cycle=1435 time=1.208949e+00 dt=8.674759e-04
elapsed=4.193486e+01 cycle=1440 time=1.213288e+00 dt=8.682075e-04
elapsed=4.275962e+01 cycle=1445 time=1.217631e+00 dt=8.689885e-04
elapsed=4.358944e+01 cycle=1450 time=1.221977e+00 dt=8.698051e-04
elapsed=4.441780e+01 cycle=1455 time=1.226328e+00 dt=8.706305e-04
elapsed=4.524265e+01 cycle=1460 time=1.230682e+00 dt=8.714214e-04
elapsed=4.604824e+01 cycle=1465 time=1.235041e+00 dt=8.722431e-04
elapsed=4.685134e+01 cycle=1470 time=1.239404e+00 dt=8.730546e-04
elapsed=4.765911e+01 cycle=1475 time=1.243771e+00 dt=8.737761e-04
elapsed=4.845880e+01 cycle=1480 time=1.248141e+00 dt=8.743721e-04
elapsed=4.925733e+01 cycle=1485 time=1.252514e+00 dt=8.749512e-04
elapsed=5.005729e+01 cycle=1490 time=1.256890e+00 dt=8.754896e-04
elapsed=5.086344e+01 cycle=1495 time=1.261268e+00 dt=8.760296e-04
elapsed=5.167377e+01 cycle=1500 time=1.265650e+00 dt=8.765865e-04
elapsed=5.249056e+01 cycle=1505 time=1.270034e+00 dt=8.771565e-04
elapsed=5.329560e+01 cycle=1510 time=1.274421e+00 dt=8.777214e-04
elapsed=5.409951e+01 cycle=1515 time=1.278810e+00 dt=8.782792e-04
elapsed=5.490036e+01 cycle=1520 time=1.283203e+00 dt=8.788313e-04
elapsed=5.570569e+01 cycle=1525 time=1.287598e+00 dt=8.793769e-04
elapsed=5.652028e+01 cycle=1530 time=1.291996e+00 dt=8.799192e-04
elapsed=5.733179e+01 cycle=1535 time=1.296397e+00 dt=8.804623e-04
elapsed=5.813611e+01 cycle=1540 time=1.300800e+00 dt=8.810187e-04
elapsed=5.893151e+01 cycle=1545 time=1.305206e+00 dt=8.815816e-04
elapsed=5.972232e+01 cycle=1550 time=1.309615e+00 dt=8.821314e-04
elapsed=6.052228e+01 cycle=1555 time=1.314027e+00 dt=8.826869e-04
elapsed=6.132545e+01 cycle=1560 time=1.318442e+00 dt=8.832413e-04
elapsed=6.213048e+01 cycle=1565 time=1.322859e+00 dt=8.837839e-04
elapsed=6.295047e+01 cycle=1570 time=1.327279e+00 dt=8.843197e-04
elapsed=6.375325e+01 cycle=1575 time=1.331702e+00 dt=8.848499e-04
elapsed=6.455009e+01 cycle=1580 time=1.336127e+00 dt=8.853721e-04
elapsed=6.539004e+01 cycle=1585 time=1.340555e+00 dt=8.858637e-04
elapsed=6.619893e+01 cycle=1590 time=1.344985e+00 dt=8.863684e-04
elapsed=6.702568e+01 cycle=1595 time=1.349418e+00 dt=8.868699e-04
elapsed=6.786197e+01 cycle=1600 time=1.353853e+00 dt=8.873761e-04
elapsed=6.867731e+01 cycle=1605 time=1.358291e+00 dt=8.878871e-04
elapsed=6.948144e+01 cycle=1610 time=1.362732e+00 dt=8.883957e-04
elapsed=7.030111e+01 cycle=1615 time=1.367175e+00 dt=8.889164e-04
elapsed=7.112351e+01 cycle=1620 time=1.371620e+00 dt=8.894603e-04
elapsed=7.194650e+01 cycle=1625 time=1.376069e+00 dt=8.900352e-04
elapsed=7.276800e+01 cycle=1630 time=1.380520e+00 dt=8.906440e-04
elapsed=7.358415e+01 cycle=1635 time=1.384975e+00 dt=8.912562e-04
elapsed=7.439911e+01 cycle=1640 time=1.389432e+00 dt=8.918769e-04
elapsed=7.523374e+01 cycle=1645 time=1.393893e+00 dt=8.925108e-04
elapsed=7.604855e+01 cycle=1650 time=1.398357e+00 dt=8.931535e-04
elapsed=7.685388e+01 cycle=1655 time=1.402824e+00 dt=8.938079e-04
elapsed=7.767759e+01 cycle=1660 time=1.407294e+00 dt=8.944836e-04
elapsed=7.848002e+01 cycle=1665 time=1.411768e+00 dt=8.951859e-04
elapsed=7.928480e+01 cycle=1670 time=1.416245e+00 dt=8.959112e-04
elapsed=8.013141e+01 cycle=1675 time=1.420726e+00 dt=8.966475e-04
elapsed=8.094206e+01 cycle=1680 time=1.425211e+00 dt=8.974015e-04
elapsed=8.175221e+01 cycle=1685 time=1.429700e+00 dt=8.981749e-04
elapsed=8.256358e+01 cycle=1690 time=1.434192e+00 dt=8.988830e-04
elapsed=8.337720e+01 cycle=1695 time=1.438687e+00 dt=8.992273e-04
elapsed=8.417949e+01 cycle=1700 time=1.443184e+00 dt=8.995702e-04
elapsed=8.500212e+01 cycle=1705 time=1.447682e+00 dt=8.999139e-04
elapsed=8.584389e+01 cycle=1710 time=1.452183e+00 dt=9.002613e-04
elapsed=8.664827e+01 cycle=1715 time=1.456685e+00 dt=9.006166e-04
elapsed=8.745242e+01 cycle=1720 time=1.461189e+00 dt=9.009787e-04
elapsed=8.825463e+01 cycle=1725 time=1.465694e+00 dt=9.013419e-04
elapsed=8.907047e+01 cycle=1730 time=1.470202e+00 dt=9.017031e-04
elapsed=8.988058e+01 cycle=1735 time=1.474711e+00 dt=9.020609e-04
elapsed=9.069705e+01 cycle=1740 time=1.479222e+00 dt=9.024158e-04
elapsed=9.150917e+01 cycle=1745 time=1.483735e+00 dt=9.027685e-04
elapsed=9.231826e+01 cycle=1750 time=1.488249e+00 dt=9.031194e-04
elapsed=9.314335e+01 cycle=1755 time=1.492765e+00 dt=9.034687e-04
elapsed=9.396270e+01 cycle=1760 time=1.497284e+00 dt=9.038178e-04
elapsed=9.477195e+01 cycle=1765 time=1.501803e+00 dt=9.041661e-04
elapsed=9.558099e+01 cycle=1770 time=1.506325e+00 dt=9.045123e-04
elapsed=9.638020e+01 cycle=1775 time=1.510848e+00 dt=9.048537e-04
elapsed=9.719988e+01 cycle=1780 time=1.515373e+00 dt=9.051886e-04
elapsed=9.802410e+01 cycle=1785 time=1.519900e+00 dt=9.055168e-04
elapsed=9.882783e+01 cycle=1790 time=1.524428e+00 dt=9.058357e-04
elapsed=9.962672e+01 cycle=1795 time=1.528958e+00 dt=9.060835e-04
elapsed=1.004423e+02 cycle=1800 time=1.533488e+00 dt=9.062092e-04
elapsed=1.012460e+02 cycle=1805 time=1.538020e+00 dt=9.063371e-04
elapsed=1.020543e+02 cycle=1810 time=1.542552e+00 dt=9.064713e-04
elapsed=1.028641e+02 cycle=1815 time=1.547084e+00 dt=9.066142e-04
elapsed=1.036745e+02 cycle=1820 time=1.551618e+00 dt=9.067680e-04
elapsed=1.044915e+02 cycle=1825 time=1.556152e+00 dt=9.069326e-04
elapsed=1.053146e+02 cycle=1830 time=1.560687e+00 dt=9.070994e-04
elapsed=1.061170e+02 cycle=1835 time=1.565223e+00 dt=9.072570e-04
elapsed=1.069338e+02 cycle=1840 time=1.569759e+00 dt=9.074252e-04
elapsed=1.077494e+02 cycle=1845 time=1.574297e+00 dt=9.076054e-04
elapsed=1.085534e+02 cycle=1850 time=1.578835e+00 dt=9.077920e-04
elapsed=1.093575e+02 cycle=1855 time=1.583374e+00 dt=9.079946e-04
elapsed=1.101738e+02 cycle=1860 time=1.587915e+00 dt=9.082238e-04
elapsed=1.109745e+02 cycle=1865 time=1.592456e+00 dt=9.084545e-04
elapsed=1.117969e+02 cycle=1870 time=1.596999e+00 dt=9.086883e-04
elapsed=1.126235e+02 cycle=1875 time=1.601543e+00 dt=9.089355e-04
elapsed=1.134377e+02 cycle=1880 time=1.606088e+00 dt=9.091617e-04
elapsed=1.142369e+02 cycle=1885 time=1.610634e+00 dt=9.093990e-04
elapsed=1.150441e+02 cycle=1890 time=1.615182e+00 dt=9.096555e-04
elapsed=1.158530e+02 cycle=1895 time=1.619731e+00 dt=9.099398e-04
elapsed=1.166619e+02 cycle=1900 time=1.624281e+00 dt=9.102512e-04
elapsed=1.174780e+02 cycle=1905 time=1.628833e+00 dt=9.105265e-04
elapsed=1.182969e+02 cycle=1910 time=1.633386e+00 dt=9.108216e-04
elapsed=1.190996e+02 cycle=1915 time=1.637941e+00 dt=9.111423e-04
elapsed=1.198892e+02 cycle=1920 time=1.642497e+00 dt=9.114928e-04
elapsed=1.206911e+02 cycle=1925 time=1.647055e+00 dt=9.118728e-04
elapsed=1.214943e+02 cycle=1930 time=1.651616e+00 dt=9.122783e-04
elapsed=1.222993e+02 cycle=1935 time=1.656178e+00 dt=9.127087e-04
elapsed=1.231666e+02 cycle=1940 time=1.660742e+00 dt=9.131671e-04
elapsed=1.239653e+02 cycle=1945 time=1.665309e+00 dt=9.136159e-04
elapsed=1.247737e+02 cycle=1950 time=1.669878e+00 dt=9.140397e-04
elapsed=1.255857e+02 cycle=1955 time=1.674449e+00 dt=9.144802e-04
elapsed=1.263961e+02 cycle=1960 time=1.679022e+00 dt=9.149383e-04
elapsed=1.272123e+02 cycle=1965 time=1.683598e+00 dt=9.154122e-04
elapsed=1.280362e+02 cycle=1970 time=1.688176e+00 dt=9.158990e-04
elapsed=1.288543e+02 cycle=1975 time=1.692757e+00 dt=9.163998e-04
elapsed=1.296538e+02 cycle=1980 time=1.697340e+00 dt=9.169157e-04
elapsed=1.304668e+02 cycle=1985 time=1.701925e+00 dt=9.174429e-04
elapsed=1.312655e+02 cycle=1990 time=1.706513e+00 dt=9.179775e-04
elapsed=1.320787e+02 cycle=1995 time=1.711104e+00 dt=9.185154e-04
elapsed=1.328950e+02 cycle=2000 time=1.715698e+00 dt=9.190552e-04
elapsed=1.336961e+02 cycle=2005 time=1.720294e+00 dt=9.195986e-04
elapsed=1.345013e+02 cycle=2010 time=1.724894e+00 dt=9.201467e-04
elapsed=1.352986e+02 cycle=2015 time=1.729495e+00 dt=9.206992e-04
elapsed=1.361040e+02 cycle=2020 time=1.734100e+00 dt=9.212556e-04
elapsed=1.369209e+02 cycle=2025 time=1.738707e+00 dt=9.218168e-04
elapsed=1.377426e+02 cycle=2030 time=1.743318e+00 dt=9.223832e-04
elapsed=1.385564e+02 cycle=2035 time=1.747931e+00 dt=9.229530e-04
elapsed=1.393646e+02 cycle=2040 time=1.752547e+00 dt=9.235237e-04
elapsed=1.401783e+02 cycle=2045 time=1.757165e+00 dt=9.240941e-04
elapsed=1.409902e+02 cycle=2050 time=1.761787e+00 dt=9.246633e-04
elapsed=1.417990e+02 cycle=2055 time=1.766411e+00 dt=9.252323e-04
elapsed=1.426263e+02 cycle=2060 time=1.771039e+00 dt=9.258032e-04
elapsed=1.434409e+02 cycle=2065 time=1.775669e+00 dt=9.263827e-04
elapsed=1.442467e+02 cycle=2070 time=1.780302e+00 dt=9.269723e-04
elapsed=1.450700e+02 cycle=2075 time=1.784938e+00 dt=9.275701e-04
elapsed=1.458849e+02 cycle=2080 time=1.789577e+00 dt=9.281744e-04
elapsed=1.466915e+02 cycle=2085 time=1.794219e+00 dt=9.287836e-04
elapsed=1.475029e+02 cycle=2090 time=1.798864e+00 dt=9.293953e-04
elapsed=1.483384e+02 cycle=2095 time=1.803513e+00 dt=9.300102e-04
elapsed=1.491414e+02 cycle=2100 time=1.808164e+00 dt=9.306289e-04
elapsed=1.499494e+02 cycle=2105 time=1.812818e+00 dt=9.312511e-04
elapsed=1.507617e+02 cycle=2110 time=1.817476e+00 dt=9.318714e-04
elapsed=1.515629e+02 cycle=2115 time=1.822136e+00 dt=9.324818e-04
elapsed=1.523741e+02 cycle=2120 time=1.826800e+00 dt=9.330975e-04
elapsed=1.531786e+02 cycle=2125 time=1.831467e+00 dt=9.337204e-04
elapsed=1.539877e+02 cycle=2130 time=1.836136e+00 dt=9.343526e-04
elapsed=1.547915e+02 cycle=2135 time=1.840810e+00 dt=9.349959e-04
elapsed=1.555937e+02 cycle=2140 time=1.845486e+00 dt=9.356508e-04
elapsed=1.564011e+02 cycle=2145 time=1.850165e+00 dt=9.363173e-04
elapsed=1.572083e+02 cycle=2150 time=1.854848e+00 dt=9.369950e-04
elapsed=1.580256e+02 cycle=2155 time=1.859535e+00 dt=9.376832e-04
elapsed=1.588396e+02 cycle=2160 time=1.864224e+00 dt=9.383812e-04
elapsed=1.596368e+02 cycle=2165 time=1.868918e+00 dt=9.390874e-04
elapsed=1.604569e+02 cycle=2170 time=1.873615e+00 dt=9.397990e-04
elapsed=1.612720e+02 cycle=2175 time=1.878315e+00 dt=9.405121e-04
elapsed=1.620934e+02 cycle=2180 time=1.883019e+00 dt=9.411762e-04
elapsed=1.629187e+02 cycle=2185 time=1.887726e+00 dt=9.416618e-04
elapsed=1.637150e+02 cycle=2190 time=1.892435e+00 dt=9.421600e-04
elapsed=1.645234e+02 cycle=2195 time=1.897147e+00 dt=9.426728e-04
elapsed=1.653341e+02 cycle=2200 time=1.901861e+00 dt=9.431890e-04
elapsed=1.661420e+02 cycle=2205 time=1.906578e+00 dt=9.437200e-04
elapsed=1.669618e+02 cycle=2210 time=1.911298e+00 dt=9.442683e-04
elapsed=1.677662e+02 cycle=2215 time=1.916021e+00 dt=9.448349e-04
elapsed=1.685747e+02 cycle=2220 time=1.920746e+00 dt=9.454184e-04
elapsed=1.693725e+02 cycle=2225 time=1.925474e+00 dt=9.460202e-04
elapsed=1.701610e+02 cycle=2230 time=1.930206e+00 dt=9.466271e-04
elapsed=1.709649e+02 cycle=2235 time=1.934940e+00 dt=9.472585e-04
elapsed=1.717740e+02 cycle=2240 time=1.939677e+00 dt=9.479156e-04
elapsed=1.725861e+02 cycle=2245 time=1.944418e+00 dt=9.485983e-04
elapsed=1.734020e+02 cycle=2250 time=1.949163e+00 dt=9.493055e-04
elapsed=1.742013e+02 cycle=2255 time=1.953911e+00 dt=9.500398e-04
elapsed=1.750047e+02 cycle=2260 time=1.958663e+00 dt=9.507944e-04
elapsed=1.758163e+02 cycle=2265 time=1.963418e+00 dt=9.515604e-04
elapsed=1.766293e+02 cycle=2270 time=1.968177e+00 dt=9.523485e-04
elapsed=1.774472e+02 cycle=2275 time=1.972940e+00 dt=9.512526e-04
elapsed=1.782649e+02 cycle=2280 time=1.977686e+00 dt=9.462209e-04
elapsed=1.790726e+02 cycle=2285 time=1.982408e+00 dt=9.417441e-04
elapsed=1.798850e+02 cycle=2290 time=1.987109e+00 dt=9.381724e-04
elapsed=1.806898e+02 cycle=2295 time=1.991795e+00 dt=9.358045e-04
elapsed=1.815091e+02 cycle=2300 time=1.996472e+00 dt=9.351868e-04
elapsed=1.823270e+02 cycle=2305 time=2.001150e+00 dt=9.370561e-04
elapsed=1.831535e+02 cycle=2310 time=2.005844e+00 dt=9.415678e-04
elapsed=1.839735e+02 cycle=2315 time=2.010564e+00 dt=9.486364e-04
elapsed=1.847997e+02 cycle=2320 time=2.015326e+00 dt=9.565195e-04
elapsed=1.856071e+02 cycle=2325 time=2.020116e+00 dt=9.586619e-04
elapsed=1.864052e+02 cycle=2330 time=2.024910e+00 dt=9.590601e-04
elapsed=1.872135e+02 cycle=2335 time=2.029706e+00 dt=9.592243e-04
elapsed=1.880404e+02 cycle=2340 time=2.034501e+00 dt=9.588097e-04
elapsed=1.888463e+02 cycle=2345 time=2.039293e+00 dt=9.571525e-04
elapsed=1.896571e+02 cycle=2350 time=2.044070e+00 dt=9.527146e-04
elapsed=1.904640e+02 cycle=2355 time=2.048823e+00 dt=9.470797e-04
elapsed=1.912597e+02 cycle=2360 time=2.053547e+00 dt=9.412145e-04
elapsed=1.920627e+02 cycle=2365 time=2.058242e+00 dt=9.360154e-04
elapsed=1.928785e+02 cycle=2370 time=2.062914e+00 dt=9.320674e-04
elapsed=1.936835e+02 cycle=2375 time=2.067569e+00 dt=9.299652e-04
elapsed=1.944909e+02 cycle=2380 time=2.072218e+00 dt=9.303397e-04
elapsed=1.952991e+02 cycle=2385 time=2.076873e+00 dt=9.310525e-04
elapsed=1.961105e+02 cycle=2390 time=2.081531e+00 dt=9.331538e-04
elapsed=1.969379e+02 cycle=2395 time=2.086207e+00 dt=9.393387e-04
elapsed=1.977561e+02 cycle=2400 time=2.090915e+00 dt=9.442442e-04
elapsed=1.985635e+02 cycle=2405 time=2.095649e+00 dt=9.520454e-04
elapsed=1.993794e+02 cycle=2410 time=2.100430e+00 dt=9.606614e-04
elapsed=2.001866e+02 cycle=2415 time=2.105249e+00 dt=9.694623e-04
elapsed=2.009887e+02 cycle=2420 time=2.110113e+00 dt=9.745417e-04
elapsed=2.017935e+02 cycle=2425 time=2.114985e+00 dt=9.737451e-04
elapsed=2.026079e+02 cycle=2430 time=2.119847e+00 dt=9.700194e-04
elapsed=2.034201e+02 cycle=2435 time=2.124687e+00 dt=9.648135e-04
elapsed=2.042330e+02 cycle=2440 time=2.129500e+00 dt=9.591779e-04
elapsed=2.050411e+02 cycle=2445 time=2.134284e+00 dt=9.535133e-04
elapsed=2.058633e+02 cycle=2450 time=2.139042e+00 dt=9.486472e-04
elapsed=2.066686e+02 cycle=2455 time=2.143777e+00 dt=9.452589e-04
elapsed=2.074735e+02 cycle=2460 time=2.148500e+00 dt=9.439190e-04
elapsed=2.082972e+02 cycle=2465 time=2.153217e+00 dt=9.420208e-04
elapsed=2.091027e+02 cycle=2470 time=2.157925e+00 dt=9.419843e-04
elapsed=2.099323e+02 cycle=2475 time=2.162641e+00 dt=9.456390e-04
elapsed=2.107605e+02 cycle=2480 time=2.167382e+00 dt=9.514957e-04
elapsed=2.115646e+02 cycle=2485 time=2.172149e+00 dt=9.571234e-04
elapsed=2.123783e+02 cycle=2490 time=2.176955e+00 dt=9.660655e-04
elapsed=2.131989e+02 cycle=2495 time=2.181798e+00 dt=9.737774e-04
elapsed=2.141007e+02 cycle=2500 time=2.186679e+00 dt=9.790202e-04
elapsed=2.149261e+02 cycle=2505 time=2.191588e+00 dt=9.850386e-04
elapsed=2.157528e+02 cycle=2510 time=2.196520e+00 dt=9.891155e-04
elapsed=2.165736e+02 cycle=2515 time=2.201471e+00 dt=9.916308e-04
elapsed=2.173965e+02 cycle=2520 time=2.206433e+00 dt=9.937594e-04
elapsed=2.182195e+02 cycle=2525 time=2.211397e+00 dt=9.909256e-04
elapsed=2.190264e+02 cycle=2530 time=2.216345e+00 dt=9.873287e-04
elapsed=2.198483e+02 cycle=2535 time=2.221275e+00 dt=9.842697e-04
elapsed=2.206584e+02 cycle=2540 time=2.226191e+00 dt=9.819640e-04
elapsed=2.214722e+02 cycle=2545 time=2.231099e+00 dt=9.813196e-04
elapsed=2.222729e+02 cycle=2550 time=2.236007e+00 dt=9.814081e-04
elapsed=2.230933e+02 cycle=2555 time=2.240913e+00 dt=9.812795e-04
elapsed=2.239226e+02 cycle=2560 time=2.245824e+00 dt=9.825024e-04
elapsed=2.247565e+02 cycle=2565 time=2.250733e+00 dt=9.812836e-04
elapsed=2.255852e+02 cycle=2570 time=2.255641e+00 dt=9.827977e-04
elapsed=2.264203e+02 cycle=2575 time=2.260564e+00 dt=9.874454e-04
elapsed=2.272562e+02 cycle=2580 time=2.265503e+00 dt=9.890800e-04
elapsed=2.281027e+02 cycle=2585 time=2.270456e+00 dt=9.918968e-04
elapsed=2.289341e+02 cycle=2590 time=2.275421e+00 dt=9.952008e-04
elapsed=2.297755e+02 cycle=2595 time=2.280406e+00 dt=9.988252e-04
elapsed=2.306021e+02 cycle=2600 time=2.285406e+00 dt=1.002060e-03
elapsed=2.314361e+02 cycle=2605 time=2.290424e+00 dt=1.005085e-03
elapsed=2.322599e+02 cycle=2610 time=2.295454e+00 dt=1.007686e-03
elapsed=2.330904e+02 cycle=2615 time=2.300500e+00 dt=1.011348e-03
elapsed=2.339145e+02 cycle=2620 time=2.305554e+00 dt=1.009605e-03
elapsed=2.347826e+02 cycle=2625 time=2.310599e+00 dt=1.007990e-03
elapsed=2.355826e+02 cycle=2630 time=2.315636e+00 dt=1.006930e-03
elapsed=2.363923e+02 cycle=2635 time=2.320670e+00 dt=1.007078e-03
elapsed=2.372090e+02 cycle=2640 time=2.325708e+00 dt=1.008320e-03
elapsed=2.380315e+02 cycle=2645 time=2.330749e+00 dt=1.008100e-03
elapsed=2.388448e+02 cycle=2650 time=2.335791e+00 dt=1.009076e-03
elapsed=2.396567e+02 cycle=2655 time=2.340841e+00 dt=1.012007e-03
elapsed=2.404752e+02 cycle=2660 time=2.345901e+00 dt=1.011787e-03
elapsed=2.413002e+02 cycle=2665 time=2.350961e+00 dt=1.012769e-03
elapsed=2.421353e+02 cycle=2670 time=2.356029e+00 dt=1.014796e-03
elapsed=2.429488e+02 cycle=2675 time=2.361102e+00 dt=1.014256e-03
elapsed=2.437572e+02 cycle=2680 time=2.366172e+00 dt=1.013802e-03
elapsed=2.445637e+02 cycle=2685 time=2.371242e+00 dt=1.014961e-03
elapsed=2.453724e+02 cycle=2690 time=2.376323e+00 dt=1.017532e-03
elapsed=2.461802e+02 cycle=2695 time=2.381415e+00 dt=1.019436e-03
elapsed=2.469933e+02 cycle=2700 time=2.386516e+00 dt=1.020894e-03
elapsed=2.478185e+02 cycle=2705 time=2.391621e+00 dt=1.021494e-03
elapsed=2.486341e+02 cycle=2710 time=2.396731e+00 dt=1.022719e-03
elapsed=2.494446e+02 cycle=2715 time=2.401849e+00 dt=1.025145e-03
elapsed=2.502544e+02 cycle=2720 time=2.406978e+00 dt=1.026263e-03
elapsed=2.510663e+02 cycle=2725 time=2.412111e+00 dt=1.027520e-03
elapsed=2.518886e+02 cycle=2730 time=2.417254e+00 dt=1.030325e-03
elapsed=2.527090e+02 cycle=2735 time=2.422413e+00 dt=1.033023e-03
elapsed=2.535306e+02 cycle=2740 time=2.427582e+00 dt=1.035259e-03
elapsed=2.543438e+02 cycle=2745 time=2.432765e+00 dt=1.039270e-03
elapsed=2.551612e+02 cycle=2750 time=2.437966e+00 dt=1.041364e-03
elapsed=2.559739e+02 cycle=2755 time=2.443178e+00 dt=1.044190e-03
elapsed=2.567811e+02 cycle=2760 time=2.448406e+00 dt=1.045908e-03
elapsed=2.575922e+02 cycle=2765 time=2.453632e+00 dt=1.043839e-03
elapsed=2.584137e+02 cycle=2770 time=2.458847e+00 dt=1.041679e-03
elapsed=2.592232e+02 cycle=2775 time=2.464051e+00 dt=1.039420e-03
elapsed=2.600227e+02 cycle=2780 time=2.469243e+00 dt=1.037069e-03
elapsed=2.608303e+02 cycle=2785 time=2.474423e+00 dt=1.034624e-03
elapsed=2.616403e+02 cycle=2790 time=2.479592e+00 dt=1.032072e-03
elapsed=2.624532e+02 cycle=2795 time=2.484747e+00 dt=1.029414e-03
elapsed=2.632685e+02 cycle=2800 time=2.489888e+00 dt=1.026686e-03
elapsed=2.642025e+02 cycle=2805 time=2.495016e+00 dt=1.023940e-03
elapsed=2.650302e+02 cycle=2810 time=2.500130e+00 dt=1.021200e-03
elapsed=2.658566e+02 cycle=2815 time=2.505231e+00 dt=1.018480e-03
elapsed=2.666756e+02 cycle=2820 time=2.510318e+00 dt=1.015777e-03
elapsed=2.674968e+02 cycle=2825 time=2.515391e+00 dt=1.012998e-03
elapsed=2.685196e+02 cycle=2830 time=2.520451e+00 dt=1.010251e-03
elapsed=2.694639e+02 cycle=2835 time=2.525497e+00 dt=1.007537e-03
elapsed=2.702783e+02 cycle=2840 time=2.530529e+00 dt=1.004820e-03
elapsed=2.711020e+02 cycle=2845 time=2.535547e+00 dt=1.002057e-03
elapsed=2.719297e+02 cycle=2850 time=2.540552e+00 dt=9.992143e-04
elapsed=2.727366e+02 cycle=2855 time=2.545542e+00 dt=9.962718e-04
elapsed=2.735443e+02 cycle=2860 time=2.550518e+00 dt=9.932331e-04
elapsed=2.743587e+02 cycle=2865 time=2.555478e+00 dt=9.901269e-04
elapsed=2.751565e+02 cycle=2870 time=2.560422e+00 dt=9.870076e-04
elapsed=2.759634e+02 cycle=2875 time=2.565351e+00 dt=9.839347e-04
elapsed=2.767803e+02 cycle=2880 time=2.570264e+00 dt=9.809662e-04
elapsed=2.775955e+02 cycle=2885 time=2.575164e+00 dt=9.781211e-04
elapsed=2.784188e+02 cycle=2890 time=2.580049e+00 dt=9.754230e-04
elapsed=2.792469e+02 cycle=2895 time=2.584921e+00 dt=9.728878e-04
elapsed=2.800647e+02 cycle=2900 time=2.589780e+00 dt=9.705253e-04
elapsed=2.808904e+02 cycle=2905 time=2.594629e+00 dt=9.683432e-04
elapsed=2.816989e+02 cycle=2910 time=2.599466e+00 dt=9.663523e-04
elapsed=2.825218e+02 cycle=2915 time=2.604294e+00 dt=9.645750e-04
elapsed=2.833431e+02 cycle=2920 time=2.609114e+00 dt=9.630176e-04
elapsed=2.841617e+02 cycle=2925 time=2.613926e+00 dt=9.616522e-04
elapsed=2.849714e+02 cycle=2930 time=2.618732e+00 dt=9.604445e-04
elapsed=2.857763e+02 cycle=2935 time=2.623532e+00 dt=9.593608e-04
elapsed=2.865749e+02 cycle=2940 time=2.628327e+00 dt=9.583852e-04
elapsed=2.873791e+02 cycle=2945 time=2.633117e+00 dt=9.574521e-04
elapsed=2.881949e+02 cycle=2950 time=2.637902e+00 dt=9.565224e-04
elapsed=2.890041e+02 cycle=2955 time=2.642683e+00 dt=9.556198e-04
elapsed=2.898116e+02 cycle=2960 time=2.647460e+00 dt=9.547863e-04
elapsed=2.906419e+02 cycle=2965 time=2.652232e+00 dt=9.540675e-04
elapsed=2.914554e+02 cycle=2970 time=2.657001e+00 dt=9.535145e-04
elapsed=2.922680e+02 cycle=2975 time=2.661768e+00 dt=9.531713e-04
elapsed=2.930900e+02 cycle=2980 time=2.666533e+00 dt=9.530487e-04
elapsed=2.938982e+02 cycle=2985 time=2.671299e+00 dt=9.531458e-04
elapsed=2.947049e+02 cycle=2990 time=2.676065e+00 dt=9.534688e-04
elapsed=2.955164e+02 cycle=2995 time=2.680833e+00 dt=9.540392e-04
elapsed=2.963304e+02 cycle=3000 time=2.685605e+00 dt=9.548744e-04
elapsed=2.971441e+02 cycle=3005 time=2.690381e+00 dt=9.558464e-04
elapsed=2.979669e+02 cycle=3010 time=2.695163e+00 dt=9.571352e-04
elapsed=2.987689e+02 cycle=3015 time=2.699952e+00 dt=9.587312e-04
elapsed=2.995804e+02 cycle=3020 time=2.704749e+00 dt=9.606408e-04
elapsed=3.003891e+02 cycle=3025 time=2.709557e+00 dt=9.627884e-04
elapsed=3.011968e+02 cycle=3030 time=2.714375e+00 dt=9.651080e-04
elapsed=3.019974e+02 cycle=3035 time=2.719206e+00 dt=9.676153e-04
elapsed=3.028121e+02 cycle=3040 time=2.724049e+00 dt=9.703782e-04
elapsed=3.036189e+02 cycle=3045 time=2.728907e+00 dt=9.734368e-04
elapsed=3.044205e+02 cycle=3050 time=2.733780e+00 dt=9.761631e-04
elapsed=3.052253e+02 cycle=3055 time=2.738661e+00 dt=9.751844e-04
elapsed=3.060338e+02 cycle=3060 time=2.743532e+00 dt=9.730124e-04
elapsed=3.068417e+02 cycle=3065 time=2.748393e+00 dt=9.703739e-04
elapsed=3.076516e+02 cycle=3070 time=2.753238e+00 dt=9.671825e-04
elapsed=3.084612e+02 cycle=3075 time=2.758068e+00 dt=9.639154e-04
elapsed=3.092618e+02 cycle=3080 time=2.762881e+00 dt=9.607962e-04
elapsed=3.100606e+02 cycle=3085 time=2.767678e+00 dt=9.571417e-04
elapsed=3.108726e+02 cycle=3090 time=2.772456e+00 dt=9.536009e-04
elapsed=3.116791e+02 cycle=3095 time=2.777218e+00 dt=9.502361e-04
elapsed=3.124780e+02 cycle=3100 time=2.781962e+00 dt=9.470426e-04
elapsed=3.132918e+02 cycle=3105 time=2.786690e+00 dt=9.433791e-04
elapsed=3.141046e+02 cycle=3110 time=2.791400e+00 dt=9.398683e-04
elapsed=3.149218e+02 cycle=3115 time=2.796093e+00 dt=9.366605e-04
elapsed=3.157415e+02 cycle=3120 time=2.800770e+00 dt=9.336794e-04
elapsed=3.165635e+02 cycle=3125 time=2.805432e+00 dt=9.305410e-04
elapsed=3.173843e+02 cycle=3130 time=2.810078e+00 dt=9.271658e-04
elapsed=3.182128e+02 cycle=3135 time=2.814708e+00 dt=9.240240e-04
elapsed=3.190185e+02 cycle=3140 time=2.819322e+00 dt=9.211292e-04
elapsed=3.198200e+02 cycle=3145 time=2.823922e+00 dt=9.185121e-04
elapsed=3.206386e+02 cycle=3150 time=2.828510e+00 dt=9.157884e-04
elapsed=3.214480e+02 cycle=3155 time=2.833083e+00 dt=9.128764e-04
elapsed=3.222666e+02 cycle=3160 time=2.837642e+00 dt=9.102371e-04
elapsed=3.230860e+02 cycle=3165 time=2.842188e+00 dt=9.078173e-04
elapsed=3.238897e+02 cycle=3170 time=2.846723e+00 dt=9.056382e-04
elapsed=3.246898e+02 cycle=3175 time=2.851247e+00 dt=9.035078e-04
elapsed=3.254990e+02 cycle=3180 time=2.855759e+00 dt=9.010431e-04
elapsed=3.263237e+02 cycle=3185 time=2.860260e+00 dt=8.988925e-04
elapsed=3.271337e+02 cycle=3190 time=2.864751e+00 dt=8.969790e-04
elapsed=3.279554e+02 cycle=3195 time=2.869232e+00 dt=8.952756e-04
elapsed=3.287708e+02 cycle=3200 time=2.873705e+00 dt=8.936201e-04
elapsed=3.295869e+02 cycle=3205 time=2.878169e+00 dt=8.915613e-04
elapsed=3.304155e+02 cycle=3210 time=2.882623e+00 dt=8.897508e-04
elapsed=3.312354e+02 cycle=3215 time=2.887069e+00 dt=8.881979e-04
elapsed=3.320414e+02 cycle=3220 time=2.891507e+00 dt=8.868717e-04
elapsed=3.328623e+02 cycle=3225 time=2.895939e+00 dt=8.856335e-04
elapsed=3.336949e+02 cycle=3230 time=2.900364e+00 dt=8.839508e-04
elapsed=3.345052e+02 cycle=3235 time=2.904781e+00 dt=8.824677e-04
elapsed=3.353393e+02 cycle=3240 time=2.909190e+00 dt=8.812076e-04
elapsed=3.361485e+02 cycle=3245 time=2.913594e+00 dt=8.801622e-04
elapsed=3.369632e+02 cycle=3250 time=2.917993e+00 dt=8.793350e-04
elapsed=3.377727e+02 cycle=3255 time=2.922388e+00 dt=8.781046e-04
elapsed=3.386018e+02 cycle=3260 time=2.926776e+00 dt=8.768859e-04
elapsed=3.394170e+02 cycle=3265 time=2.931158e+00 dt=8.758603e-04
elapsed=3.402222e+02 cycle=3270 time=2.935536e+00 dt=8.750498e-04
elapsed=3.410239e+02 cycle=3275 time=2.939910e+00 dt=8.744317e-04
elapsed=3.418365e+02 cycle=3280 time=2.944280e+00 dt=8.735700e-04
elapsed=3.426466e+02 cycle=3285 time=2.948646e+00 dt=8.724677e-04
elapsed=3.434822e+02 cycle=3290 time=2.953006e+00 dt=8.715701e-04
elapsed=3.442992e+02 cycle=3295 time=2.957363e+00 dt=8.709238e-04
elapsed=3.451107e+02 cycle=3300 time=2.961717e+00 dt=8.705011e-04
elapsed=3.459385e+02 cycle=3305 time=2.966068e+00 dt=8.697600e-04
elapsed=3.467981e+02 cycle=3310 time=2.970415e+00 dt=8.688112e-04
elapsed=3.476166e+02 cycle=3315 time=2.974757e+00 dt=8.680881e-04
elapsed=3.484433e+02 cycle=3320 time=2.979096e+00 dt=8.675380e-04
elapsed=3.492518e+02 cycle=3325 time=2.983433e+00 dt=8.671891e-04
elapsed=3.500547e+02 cycle=3330 time=2.987768e+00 dt=8.665188e-04
elapsed=3.508669e+02 cycle=3335 time=2.992099e+00 dt=8.656840e-04
elapsed=3.516706e+02 cycle=3340 time=2.996426e+00 dt=8.650189e-04
elapsed=3.524851e+02 cycle=3345 time=3.000750e+00 dt=8.645660e-04
elapsed=3.533046e+02 cycle=3350 time=3.005072e+00 dt=8.642675e-04
elapsed=3.541168e+02 cycle=3355 time=3.009393e+00 dt=8.638542e-04
elapsed=3.549335e+02 cycle=3360 time=3.013711e+00 dt=8.634575e-04
elapsed=3.557396e+02 cycle=3365 time=3.018028e+00 dt=8.631219e-04
elapsed=3.565574e+02 cycle=3370 time=3.022343e+00 dt=8.628248e-04
elapsed=3.573989e+02 cycle=3375 time=3.026657e+00 dt=8.624637e-04
elapsed=3.582187e+02 cycle=3380 time=3.030968e+00 dt=8.620736e-04
elapsed=3.590399e+02 cycle=3385 time=3.035278e+00 dt=8.617320e-04
elapsed=3.598615e+02 cycle=3390 time=3.039586e+00 dt=8.614855e-04
elapsed=3.606727e+02 cycle=3395 time=3.043885e+00 dt=8.573840e-04
elapsed=3.615287e+02 cycle=3400 time=3.048168e+00 dt=8.549532e-04
elapsed=3.623806e+02 cycle=3405 time=3.052428e+00 dt=8.478380e-04
elapsed=3.632098e+02 cycle=3410 time=3.056656e+00 dt=8.429686e-04
elapsed=3.640186e+02 cycle=3415 time=3.060866e+00 dt=8.416005e-04
elapsed=3.648538e+02 cycle=3420 time=3.065061e+00 dt=8.338800e-04
elapsed=3.656895e+02 cycle=3425 time=3.069215e+00 dt=8.267143e-04
elapsed=3.665076e+02 cycle=3430 time=3.073338e+00 dt=8.223916e-04
elapsed=3.674168e+02 cycle=3435 time=3.077448e+00 dt=8.206573e-04
elapsed=3.682282e+02 cycle=3440 time=3.081536e+00 dt=8.132633e-04
elapsed=3.690393e+02 cycle=3445 time=3.085590e+00 dt=8.075425e-04
elapsed=3.698462e+02 cycle=3450 time=3.089620e+00 dt=8.042547e-04
elapsed=3.706628e+02 cycle=3455 time=3.093641e+00 dt=8.050405e-04
elapsed=3.714872e+02 cycle=3460 time=3.097676e+00 dt=8.107191e-04
elapsed=3.723075e+02 cycle=3465 time=3.101748e+00 dt=8.181686e-04
elapsed=3.731281e+02 cycle=3470 time=3.105847e+00 dt=8.226176e-04
elapsed=3.739613e+02 cycle=3475 time=3.109966e+00 dt=8.248090e-04
elapsed=3.748168e+02 cycle=3480 time=3.114098e+00 dt=8.299997e-04
elapsed=3.756563e+02 cycle=3485 time=3.118256e+00 dt=8.325709e-04
elapsed=3.764686e+02 cycle=3490 time=3.122422e+00 dt=8.347803e-04
elapsed=3.772745e+02 cycle=3495 time=3.126588e+00 dt=8.304617e-04
elapsed=3.780968e+02 cycle=3500 time=3.130734e+00 dt=8.275397e-04
elapsed=3.791797e+02 cycle=3505 time=3.134869e+00 dt=8.266339e-04
elapsed=3.801598e+02 cycle=3510 time=3.139003e+00 dt=8.274707e-04
elapsed=3.809836e+02 cycle=3515 time=3.143139e+00 dt=8.272665e-04
elapsed=3.817929e+02 cycle=3520 time=3.147278e+00 dt=8.287588e-04
elapsed=3.826055e+02 cycle=3525 time=3.151423e+00 dt=8.288992e-04
elapsed=3.834260e+02 cycle=3530 time=3.155568e+00 dt=8.290839e-04
elapsed=3.842322e+02 cycle=3535 time=3.159717e+00 dt=8.312932e-04
elapsed=3.850396e+02 cycle=3540 time=3.163877e+00 dt=8.321309e-04
elapsed=3.859509e+02 cycle=3545 time=3.168040e+00 dt=8.337194e-04
elapsed=3.867846e+02 cycle=3550 time=3.172212e+00 dt=8.357356e-04
elapsed=3.876125e+02 cycle=3555 time=3.176394e+00 dt=8.374024e-04
elapsed=3.884504e+02 cycle=3560 time=3.180579e+00 dt=8.352911e-04
elapsed=3.892768e+02 cycle=3565 time=3.184751e+00 dt=8.336648e-04
elapsed=3.900926e+02 cycle=3570 time=3.188920e+00 dt=8.346582e-04
elapsed=3.909009e+02 cycle=3575 time=3.193088e+00 dt=8.306661e-04
elapsed=3.917047e+02 cycle=3580 time=3.197231e+00 dt=8.255422e-04
elapsed=3.925085e+02 cycle=3585 time=3.201350e+00 dt=8.216858e-04
elapsed=3.933223e+02 cycle=3590 time=3.205454e+00 dt=8.199685e-04
elapsed=3.941635e+02 cycle=3595 time=3.209555e+00 dt=8.208571e-04
elapsed=3.949640e+02 cycle=3600 time=3.213655e+00 dt=8.171875e-04
elapsed=3.957754e+02 cycle=3605 time=3.217729e+00 dt=8.111544e-04
elapsed=3.965907e+02 cycle=3610 time=3.221773e+00 dt=8.054300e-04
elapsed=3.974045e+02 cycle=3615 time=3.225791e+00 dt=8.014806e-04
elapsed=3.982131e+02 cycle=3620 time=3.229795e+00 dt=8.000281e-04
elapsed=3.990228e+02 cycle=3625 time=3.233797e+00 dt=7.998062e-04
elapsed=3.998329e+02 cycle=3630 time=3.237786e+00 dt=7.946258e-04
elapsed=4.006383e+02 cycle=3635 time=3.241747e+00 dt=7.888613e-04
elapsed=4.014435e+02 cycle=3640 time=3.245680e+00 dt=7.832192e-04
elapsed=4.022505e+02 cycle=3645 time=3.249587e+00 dt=7.787056e-04
elapsed=4.030670e+02 cycle=3650 time=3.253475e+00 dt=7.764874e-04
elapsed=4.038836e+02 cycle=3655 time=3.257357e+00 dt=7.766503e-04
elapsed=4.046918e+02 cycle=3660 time=3.261243e+00 dt=7.786516e-04
elapsed=4.055028e+02 cycle=3665 time=3.265144e+00 dt=7.830655e-04
elapsed=4.063201e+02 cycle=3670 time=3.269067e+00 dt=7.835036e-04
elapsed=4.071279e+02 cycle=3675 time=3.272976e+00 dt=7.792320e-04
elapsed=4.079449e+02 cycle=3680 time=3.276863e+00 dt=7.751557e-04
elapsed=4.087629e+02 cycle=3685 time=3.280732e+00 dt=7.718197e-04
elapsed=4.095642e+02 cycle=3690 time=3.284588e+00 dt=7.708346e-04
elapsed=4.103727e+02 cycle=3695 time=3.288446e+00 dt=7.736044e-04
elapsed=4.111708e+02 cycle=3700 time=3.292326e+00 dt=7.802889e-04
elapsed=4.119696e+02 cycle=3705 time=3.296230e+00 dt=7.772302e-04
elapsed=4.127858e+02 cycle=3710 time=3.300101e+00 dt=7.699126e-04
elapsed=4.136007e+02 cycle=3715 time=3.303937e+00 dt=7.632443e-04
elapsed=4.144008e+02 cycle=3720 time=3.307740e+00 dt=7.564538e-04
elapsed=4.152063e+02 cycle=3725 time=3.311509e+00 dt=7.498484e-04
elapsed=4.160172e+02 cycle=3730 time=3.315245e+00 dt=7.436580e-04
elapsed=4.168212e+02 cycle=3735 time=3.318952e+00 dt=7.381735e-04
elapsed=4.176204e+02 cycle=3740 time=3.322634e+00 dt=7.340872e-04
elapsed=4.184300e+02 cycle=3745 time=3.326291e+00 dt=7.265723e-04
elapsed=4.192305e+02 cycle=3750 time=3.329906e+00 dt=7.174543e-04
elapsed=4.200385e+02 cycle=3755 time=3.333473e+00 dt=7.077227e-04
elapsed=4.208449e+02 cycle=3760 time=3.336994e+00 dt=6.986924e-04
elapsed=4.216545e+02 cycle=3765 time=3.340470e+00 dt=6.905708e-04
elapsed=4.224648e+02 cycle=3770 time=3.343909e+00 dt=6.836142e-04
elapsed=4.232814e+02 cycle=3775 time=3.347316e+00 dt=6.785503e-04
elapsed=4.240869e+02 cycle=3780 time=3.350702e+00 dt=6.755444e-04
elapsed=4.249029e+02 cycle=3785 time=3.354077e+00 dt=6.750045e-04
elapsed=4.257091e+02 cycle=3790 time=3.357456e+00 dt=6.779354e-04
elapsed=4.265176e+02 cycle=3795 time=3.360836e+00 dt=6.725946e-04
elapsed=4.273338e+02 cycle=3800 time=3.364187e+00 dt=6.668723e-04
elapsed=4.281545e+02 cycle=3805 time=3.367510e+00 dt=6.612181e-04
elapsed=4.289600e+02 cycle=3810 time=3.370806e+00 dt=6.559568e-04
elapsed=4.297664e+02 cycle=3815 time=3.374076e+00 dt=6.516682e-04
elapsed=4.305749e+02 cycle=3820 time=3.377329e+00 dt=6.491602e-04
elapsed=4.313729e+02 cycle=3825 time=3.380573e+00 dt=6.488140e-04
elapsed=4.321815e+02 cycle=3830 time=3.383819e+00 dt=6.493438e-04
elapsed=4.330034e+02 cycle=3835 time=3.387064e+00 dt=6.487804e-04
elapsed=4.338234e+02 cycle=3840 time=3.390309e+00 dt=6.491942e-04
elapsed=4.346555e+02 cycle=3845 time=3.393557e+00 dt=6.505974e-04
elapsed=4.354609e+02 cycle=3850 time=3.396813e+00 dt=6.505243e-04
elapsed=4.362741e+02 cycle=3855 time=3.400059e+00 dt=6.471281e-04
elapsed=4.370896e+02 cycle=3860 time=3.403286e+00 dt=6.425108e-04
elapsed=4.379038e+02 cycle=3865 time=3.406488e+00 dt=6.369092e-04
elapsed=4.387319e+02 cycle=3870 time=3.409659e+00 dt=6.300297e-04
elapsed=4.395426e+02 cycle=3875 time=3.412796e+00 dt=6.235648e-04
elapsed=4.403490e+02 cycle=3880 time=3.415904e+00 dt=6.189766e-04
elapsed=4.411587e+02 cycle=3885 time=3.418990e+00 dt=6.148331e-04
elapsed=4.419606e+02 cycle=3890 time=3.422057e+00 dt=6.114763e-04
elapsed=4.427691e+02 cycle=3895 time=3.425110e+00 dt=6.090452e-04
elapsed=4.435911e+02 cycle=3900 time=3.428150e+00 dt=6.065531e-04
elapsed=4.444001e+02 cycle=3905 time=3.431179e+00 dt=6.048211e-04
elapsed=4.452103e+02 cycle=3910 time=3.434195e+00 dt=6.005168e-04
elapsed=4.460162e+02 cycle=3915 time=3.437188e+00 dt=5.958197e-04
elapsed=4.468267e+02 cycle=3920 time=3.440157e+00 dt=5.908185e-04
elapsed=4.476317e+02 cycle=3925 time=3.443101e+00 dt=5.852935e-04
elapsed=4.484552e+02 cycle=3930 time=3.446015e+00 dt=5.790555e-04
elapsed=4.492612e+02 cycle=3935 time=3.448897e+00 dt=5.723320e-04
elapsed=4.500719e+02 cycle=3940 time=3.451745e+00 dt=5.654337e-04
elapsed=4.508888e+02 cycle=3945 time=3.454558e+00 dt=5.587689e-04
elapsed=4.516889e+02 cycle=3950 time=3.457339e+00 dt=5.523243e-04
elapsed=4.524978e+02 cycle=3955 time=3.460089e+00 dt=5.465490e-04
elapsed=4.533129e+02 cycle=3960 time=3.462812e+00 dt=5.420990e-04
elapsed=4.541191e+02 cycle=3965 time=3.465516e+00 dt=5.394114e-04
elapsed=4.549215e+02 cycle=3970 time=3.468211e+00 dt=5.385976e-04
elapsed=4.557321e+02 cycle=3975 time=3.470906e+00 dt=5.398802e-04
elapsed=4.565400e+02 cycle=3980 time=3.473609e+00 dt=5.415616e-04
elapsed=4.573407e+02 cycle=3985 time=3.476320e+00 dt=5.432304e-04
elapsed=4.581512e+02 cycle=3990 time=3.479037e+00 dt=5.430264e-04
elapsed=4.589647e+02 cycle=3995 time=3.481750e+00 dt=5.419137e-04
elapsed=4.598243e+02 cycle=4000 time=3.484457e+00 dt=5.406455e-04
elapsed=4.606229e+02 cycle=4005 time=3.487157e+00 dt=5.392058e-04
elapsed=4.614358e+02 cycle=4010 time=3.489850e+00 dt=5.374154e-04
elapsed=4.622416e+02 cycle=4015 time=3.492533e+00 dt=5.350423e-04
elapsed=4.630558e+02 cycle=4020 time=3.495202e+00 dt=5.319199e-04
elapsed=4.638659e+02 cycle=4025 time=3.497853e+00 dt=5.275794e-04
elapsed=4.646754e+02 cycle=4030 time=3.500482e+00 dt=5.230356e-04
elapsed=4.655795e+02 cycle=4035 time=3.503089e+00 dt=5.188741e-04
elapsed=4.664083e+02 cycle=4040 time=3.505676e+00 dt=5.156651e-04
elapsed=4.672259e+02 cycle=4045 time=3.508246e+00 dt=5.018175e-04
elapsed=4.680505e+02 cycle=4050 time=3.510684e+00 dt=4.660151e-04
elapsed=4.688816e+02 cycle=4055 time=3.512946e+00 dt=4.327372e-04
elapsed=4.696995e+02 cycle=4060 time=3.515057e+00 dt=4.079326e-04
elapsed=4.705073e+02 cycle=4065 time=3.517065e+00 dt=3.955273e-04
elapsed=4.713184e+02 cycle=4070 time=3.518969e+00 dt=3.124611e-04
elapsed=4.722399e+02 cycle=4075 time=3.520154e+00 dt=1.837407e-04
elapsed=4.730892e+02 cycle=4080 time=3.521064e+00 dt=1.817034e-04
elapsed=4.739074e+02 cycle=4085 time=3.521982e+00 dt=1.897359e-04
elapsed=4.747266e+02 cycle=4090 time=3.522969e+00 dt=2.133147e-04
elapsed=4.756344e+02 cycle=4095 time=3.524163e+00 dt=2.570652e-04
elapsed=4.764457e+02 cycle=4100 time=3.525435e+00 dt=2.555537e-04
elapsed=4.772697e+02 cycle=4105 time=3.526705e+00 dt=2.244170e-04
elapsed=4.780918e+02 cycle=4110 time=3.527773e+00 dt=2.083758e-04
elapsed=4.789261e+02 cycle=4115 time=3.528844e+00 dt=2.247525e-04
elapsed=4.797341e+02 cycle=4120 time=3.530006e+00 dt=2.444009e-04
elapsed=4.805508e+02 cycle=4125 time=3.531267e+00 dt=2.640373e-04
elapsed=4.813569e+02 cycle=4130 time=3.532626e+00 dt=2.824743e-04
elapsed=4.821710e+02 cycle=4135 time=3.534074e+00 dt=3.042637e-04
elapsed=4.829926e+02 cycle=4140 time=3.535672e+00 dt=3.478915e-04
elapsed=4.838108e+02 cycle=4145 time=3.537433e+00 dt=3.440881e-04
elapsed=4.846164e+02 cycle=4150 time=3.539145e+00 dt=3.474245e-04
elapsed=4.854346e+02 cycle=4155 time=3.540948e+00 dt=3.897849e-04
elapsed=4.862384e+02 cycle=4160 time=3.543053e+00 dt=4.392246e-04
elapsed=4.870487e+02 cycle=4165 time=3.545140e+00 dt=3.848317e-04
elapsed=4.878732e+02 cycle=4170 time=3.546972e+00 dt=3.483734e-04
elapsed=4.886973e+02 cycle=4175 time=3.548684e+00 dt=3.868934e-04
elapsed=4.895086e+02 cycle=4180 time=3.550514e+00 dt=3.010703e-04
elapsed=4.903307e+02 cycle=4185 time=3.551899e+00 dt=2.452081e-04
elapsed=4.911694e+02 cycle=4190 time=3.553042e+00 dt=2.164505e-04
elapsed=4.919860e+02 cycle=4195 time=3.554161e+00 dt=2.417317e-04
elapsed=4.927984e+02 cycle=4200 time=3.555473e+00 dt=3.029641e-04
elapsed=4.936101e+02 cycle=4205 time=3.557179e+00 dt=3.829645e-04
elapsed=4.944140e+02 cycle=4210 time=3.559008e+00 dt=3.534735e-04
elapsed=4.952479e+02 cycle=4215 time=3.560841e+00 dt=3.613912e-04
elapsed=4.960424e+02 cycle=4220 time=3.562582e+00 dt=3.412892e-04
elapsed=4.968447e+02 cycle=4225 time=3.564218e+00 dt=3.217422e-04
elapsed=4.976535e+02 cycle=4230 time=3.565791e+00 dt=3.234852e-04
elapsed=4.984703e+02 cycle=4235 time=3.567420e+00 dt=2.989868e-04
elapsed=4.992814e+02 cycle=4240 time=3.568921e+00 dt=2.675861e-04
elapsed=5.000813e+02 cycle=4245 time=3.570237e+00 dt=2.410062e-04
elapsed=5.008851e+02 cycle=4250 time=3.571429e+00 dt=2.374296e-04
elapsed=5.016864e+02 cycle=4255 time=3.572615e+00 dt=2.313468e-04
elapsed=5.024971e+02 cycle=4260 time=3.573793e+00 dt=2.376416e-04
elapsed=5.033050e+02 cycle=4265 time=3.574965e+00 dt=2.312424e-04
elapsed=5.041201e+02 cycle=4270 time=3.576106e+00 dt=2.241724e-04
elapsed=5.049207e+02 cycle=4275 time=3.577232e+00 dt=2.307371e-04
elapsed=5.057229e+02 cycle=4280 time=3.578443e+00 dt=2.665341e-04
elapsed=5.065236e+02 cycle=4285 time=3.579895e+00 dt=2.927301e-04
elapsed=5.073253e+02 cycle=4290 time=3.581291e+00 dt=2.526107e-04
elapsed=5.081313e+02 cycle=4295 time=3.582496e+00 dt=2.586300e-04
elapsed=5.089348e+02 cycle=4300 time=3.583721e+00 dt=2.240985e-04
elapsed=5.097370e+02 cycle=4305 time=3.584888e+00 dt=2.572325e-04
elapsed=5.105516e+02 cycle=4310 time=3.586145e+00 dt=2.495729e-04
elapsed=5.113657e+02 cycle=4315 time=3.587424e+00 dt=2.656351e-04
elapsed=5.121750e+02 cycle=4320 time=3.588793e+00 dt=2.888342e-04
elapsed=5.129833e+02 cycle=4325 time=3.590265e+00 dt=2.967265e-04
elapsed=5.137973e+02 cycle=4330 time=3.591766e+00 dt=2.989226e-04
elapsed=5.146059e+02 cycle=4335 time=3.593193e+00 dt=2.567648e-04
elapsed=5.154058e+02 cycle=4340 time=3.594397e+00 dt=2.333047e-04
elapsed=5.162156e+02 cycle=4345 time=3.595624e+00 dt=2.613791e-04
elapsed=5.170228e+02 cycle=4350 time=3.597002e+00 dt=3.052109e-04
elapsed=5.178409e+02 cycle=4355 time=3.598702e+00 dt=4.045876e-04
elapsed=5.186629e+02 cycle=4360 time=3.600838e+00 dt=4.323374e-04
elapsed=5.194636e+02 cycle=4365 time=3.602945e+00 dt=4.093202e-04
elapsed=5.202619e+02 cycle=4370 time=3.605017e+00 dt=4.279644e-04
elapsed=5.210630e+02 cycle=4375 time=3.607163e+00 dt=4.280427e-04
elapsed=5.218767e+02 cycle=4380 time=3.609268e+00 dt=4.120491e-04
elapsed=5.226856e+02 cycle=4385 time=3.611309e+00 dt=4.078038e-04
elapsed=5.234951e+02 cycle=4390 time=3.613346e+00 dt=4.030397e-04
elapsed=5.242935e+02 cycle=4395 time=3.615359e+00 dt=3.949128e-04
elapsed=5.251100e+02 cycle=4400 time=3.617270e+00 dt=3.651539e-04
elapsed=5.259220e+02 cycle=4405 time=3.619110e+00 dt=3.934687e-04
elapsed=5.267290e+02 cycle=4410 time=3.621226e+00 dt=4.432115e-04
elapsed=5.275224e+02 cycle=4415 time=3.623425e+00 dt=4.269727e-04
elapsed=5.283391e+02 cycle=4420 time=3.625538e+00 dt=4.232895e-04
elapsed=5.291480e+02 cycle=4425 time=3.627685e+00 dt=4.422285e-04
elapsed=5.299465e+02 cycle=4430 time=3.629939e+00 dt=4.530830e-04
elapsed=5.307586e+02 cycle=4435 time=3.632216e+00 dt=4.573094e-04
elapsed=5.315687e+02 cycle=4440 time=3.634456e+00 dt=4.344031e-04
elapsed=5.323852e+02 cycle=4445 time=3.636612e+00 dt=4.322469e-04
elapsed=5.332012e+02 cycle=4450 time=3.638794e+00 dt=4.295754e-04
elapsed=5.340263e+02 cycle=4455 time=3.640907e+00 dt=4.199237e-04
elapsed=5.348374e+02 cycle=4460 time=3.642980e+00 dt=4.071415e-04
elapsed=5.356503e+02 cycle=4465 time=3.644990e+00 dt=3.866611e-04
elapsed=5.364482e+02 cycle=4470 time=3.646898e+00 dt=3.822278e-04
elapsed=5.372456e+02 cycle=4475 time=3.648842e+00 dt=3.889840e-04
elapsed=5.380507e+02 cycle=4480 time=3.650771e+00 dt=3.758452e-04
elapsed=5.388764e+02 cycle=4485 time=3.652541e+00 dt=3.122623e-04
elapsed=5.396864e+02 cycle=4490 time=3.653950e+00 dt=2.410796e-04
elapsed=5.405004e+02 cycle=4495 time=3.655093e+00 dt=2.216814e-04
elapsed=5.413156e+02 cycle=4500 time=3.656240e+00 dt=2.488415e-04
elapsed=5.421446e+02 cycle=4505 time=3.657471e+00 dt=2.456448e-04
elapsed=5.429588e+02 cycle=4510 time=3.658752e+00 dt=2.764775e-04
elapsed=5.437761e+02 cycle=4515 time=3.660224e+00 dt=3.222842e-04
elapsed=5.445865e+02 cycle=4520 time=3.661946e+00 dt=3.556642e-04
elapsed=5.453998e+02 cycle=4525 time=3.663675e+00 dt=3.380476e-04
elapsed=5.462065e+02 cycle=4530 time=3.665350e+00 dt=3.163468e-04
elapsed=5.470157e+02 cycle=4535 time=3.666833e+00 dt=2.688114e-04
elapsed=5.478375e+02 cycle=4540 time=3.668349e+00 dt=9.786829e-04
elapsed=5.486613e+02 cycle=4545 time=3.698688e+00 dt=3.131785e-02
elapsed=5.494693e+02 cycle=4550 time=4.669542e+00 dt=3.304583e-01

Terminating on time limit
time=5.000000e+00 cycle=4551
tlim=5.000000e+00 nlim=-1

MeshBlock-cycles = 18204
cpu time used  = 5.496252e+02
zone-cycles/cpu_second = 1.695783e+04
particle-updates/cpu_second = 0.000000e+00
